\BOOKMARK [1][-]{section.1}{\376\377\004\027\004\060\004\062\004\070\004\101\004\070\004\074\004\076\004\101\004\102\004\114\000\040\004\101\004\076\004\077\004\100\004\076\004\102\004\070\004\062\004\073\004\065\004\075\004\070\004\117\000\040\004\074\004\060\004\102\004\065\004\100\004\070\004\060\004\073\004\060\000\040\004\076\004\102\000\040\004\102\004\065\004\074\004\077\004\065\004\100\004\060\004\102\004\103\004\100\004\113}{}% 1
\BOOKMARK [1][-]{section.2}{\376\377\004\027\004\060\004\062\004\070\004\101\004\070\004\074\004\076\004\101\004\102\004\114\000\040\004\062\004\070\004\064\004\060\000\040\004\022\004\020\004\045\000\040\004\064\004\070\004\076\004\064\004\060\000\040\004\076\004\102\000\040\004\102\004\065\004\074\004\077\004\065\004\100\004\060\004\102\004\103\004\100\004\113}{}% 2
\BOOKMARK [2][-]{subsection.2.1}{\376\377\004\037\004\076\004\101\004\102\004\060\004\075\004\076\004\062\004\072\004\060\000\040\004\106\004\065\004\073\004\065\004\071\000\040\004\100\004\060\004\061\004\076\004\102\004\113}{section.2}% 3
\BOOKMARK [2][-]{subsection.2.2}{\376\377\004\042\004\065\004\076\004\100\004\065\004\102\004\070\004\107\004\065\004\101\004\072\004\076\004\065\000\040\004\062\004\062\004\065\004\064\004\065\004\075\004\070\004\065}{section.2}% 4
\BOOKMARK [3][-]{subsubsection.2.2.1}{\376\377\004\036\004\077\004\070\004\101\004\060\004\075\004\070\004\065\000\040\004\115\004\075\004\065\004\100\004\063\004\065\004\102\004\070\004\107\004\065\004\101\004\072\004\070\004\105\000\040\004\064\004\070\004\060\004\063\004\100\004\060\004\074\004\074}{subsection.2.2}% 5
\BOOKMARK [2][-]{subsection.2.3}{\376\377\004\036\004\077\004\070\004\101\004\060\004\075\004\070\004\065\000\040\004\103\004\101\004\102\004\060\004\075\004\076\004\062\004\072\004\070}{section.2}% 6
\BOOKMARK [2][-]{subsection.2.4}{\376\377\004\020\004\075\004\060\004\073\004\070\004\067\000\040\004\077\004\076\004\073\004\103\004\107\004\065\004\075\004\075\004\113\004\105\000\040\004\100\004\065\004\067\004\103\004\073\004\114\004\102\004\060\004\102\004\076\004\062}{section.2}% 7
\BOOKMARK [3][-]{subsubsection.2.4.1}{\376\377\004\024\004\070\004\076\004\064}{subsection.2.4}% 8
\BOOKMARK [3][-]{subsubsection.2.4.2}{\376\377\004\041\004\062\004\065\004\102\004\076\004\064\004\070\004\076\004\064}{subsection.2.4}% 9
\BOOKMARK [1][-]{section.3}{\376\377\004\030\004\067\004\103\004\107\004\065\004\075\004\070\004\065\000\040\004\115\004\104\004\104\004\065\004\072\004\102\004\060\000\040\004\045\004\076\004\073\004\073\004\060}{}% 10
\BOOKMARK [2][-]{subsection.3.1}{\376\377\004\046\004\065\004\073\004\070\000\040\004\100\004\060\004\061\004\076\004\102\004\113}{section.3}% 11
\BOOKMARK [2][-]{subsection.3.2}{\376\377\004\042\004\065\004\076\004\100\004\070\004\117\000\040\004\115\004\104\004\104\004\065\004\072\004\102\004\060}{section.3}% 12
\BOOKMARK [3][-]{subsubsection.3.2.1}{\376\377\004\042\004\065\004\075\004\067\004\076\004\100\000\040\004\101\004\076\004\077\004\100\004\076\004\102\004\070\004\062\004\073\004\065\004\075\004\070\004\117\000\040\004\062\000\040\004\074\004\060\004\063\004\075\004\070\004\102\004\075\004\076\004\074\000\040\004\077\004\076\004\073\004\065}{subsection.3.2}% 13
\BOOKMARK [3][-]{subsubsection.3.2.2}{\376\377\004\037\004\076\004\064\004\062\004\070\004\066\004\075\004\076\004\101\004\102\004\114\000\040\004\070\000\040\004\072\004\076\004\075\004\106\004\065\004\075\004\102\004\100\004\060\004\106\004\070\004\117\000\040\004\075\004\076\004\101\004\070\004\102\004\065\004\073\004\065\004\071\000.\000\040\004\041\004\105\004\065\004\074\004\060\000\040\004\101\004\075\004\117\004\102\004\070\004\117\000\040\004\101\004\075\004\117\004\102\004\070\004\117\000\040\004\075\004\060\004\077\004\100\004\117\004\066\004\065\004\075\004\070\004\071}{subsection.3.2}% 14
\BOOKMARK [2][-]{subsection.3.3}{\376\377\004\045\004\076\004\064\000\040\004\100\004\060\004\061\004\076\004\102\004\113}{section.3}% 15
\BOOKMARK [3][-]{subsubsection.3.3.1}{\376\377\004\032\004\060\004\073\004\070\004\061\004\100\004\076\004\062\004\072\004\060\000\040\004\074\004\060\004\063\004\075\004\070\004\102\004\060}{subsection.3.3}% 16
\BOOKMARK [3][-]{subsubsection.3.3.2}{\376\377\004\041\004\075\004\117\004\102\004\070\004\065\000\040\004\064\004\060\004\075\004\075\004\113\004\105\000\040\004\067\004\060\004\062\004\070\004\101\004\070\004\074\004\076\004\101\004\102\004\070\000\040\004\077\004\100\004\076\004\064\004\076\004\073\004\114\004\075\004\076\004\063\004\076\000\040\004\070\000\040\004\077\004\076\004\077\004\065\004\100\004\065\004\107\004\075\004\076\004\063\004\076\000\040\004\075\004\060\004\077\004\100\004\117\004\066\004\065\004\075\004\070\004\071\000\040\004\076\004\102\000\040\004\062\004\065\004\073\004\070\004\107\004\070\004\075\004\113\000\040\004\070\000\040\004\075\004\060\004\077\004\100\004\060\004\062\004\073\004\065\004\075\004\070\004\117\000\040\004\074\004\060\004\063\004\075\004\070\004\102\004\075\004\076\004\063\004\076\000\040\004\077\004\076\004\073\004\117\000\040}{subsection.3.3}% 17
\BOOKMARK [2][-]{subsection.3.4}{\376\377\004\036\004\061\004\100\004\060\004\061\004\076\004\102\004\072\004\060\000\040\004\064\004\060\004\075\004\075\004\113\004\105}{section.3}% 18
\BOOKMARK [3][-]{subsubsection.3.4.1}{\376\377\004\036\004\077\004\100\004\065\004\064\004\065\004\073\004\065\004\075\004\070\004\065\000\040\004\102\004\070\004\077\004\060\000\040\004\075\004\076\004\101\004\070\004\102\004\065\004\073\004\065\004\071\000\040\004\067\004\060\004\100\004\117\004\064\004\060}{subsection.3.4}% 19
\BOOKMARK [3][-]{subsubsection.3.4.2}{\376\377\004\037\004\100\004\076\004\064\004\076\004\073\004\114\004\075\004\076\004\065\000\040\004\075\004\060\004\077\004\100\004\117\004\066\004\065\004\075\004\070\004\065}{subsection.3.4}% 20
\BOOKMARK [3][-]{subsubsection.3.4.3}{\376\377\004\037\004\076\004\077\004\065\004\100\004\065\004\107\004\075\004\076\004\065\000\040\004\101\004\076\004\077\004\100\004\076\004\102\004\070\004\062\004\073\004\065\004\075\004\070\004\065}{subsection.3.4}% 21
