D:\Github\HSE-FF\6th semester\Cathedral Lab\STM_data\Muar\Muar.dwg,Модель,12.07.2021 0:46:48,f3ss1,Adobe PDF,A4,1:4.26919,
D:\Github\HSE-FF\6th semester\Cathedral Lab\STM_data\Muar\Muar.dwg,Модель,12.07.2021 0:48:54,f3ss1,Adobe PDF,A4,1:0.80156,
D:\Github\HSE-FF\6th semester\Cathedral Lab\STM_data\Muar\Muar.dwg,Модель,12.07.2021 0:49:50,f3ss1,Adobe PDF,A4,1:2.02596,
D:\Github\HSE-FF\6th semester\Cathedral Lab\STM_data\Muar\Muar.dwg,Модель,12.07.2021 0:51:38,f3ss1,Adobe PDF,A4,1:2.85837,
D:\Github\HSE-FF\6th semester\Cathedral Lab\STM_data\Muar\Muar.dwg,Модель,12.07.2021 0:53:33,f3ss1,Adobe PDF,A4,1:1.64159,
D:\Github\HSE-FF\6th semester\Cathedral Lab\STM_data\Muar\Muar.dwg,Модель,12.07.2021 0:54:59,f3ss1,Adobe PDF,A4,1:4.26919,
D:\Github\HSE-FF\6th semester\Cathedral Lab\STM_data\Muar\Muar.dwg,Модель,12.07.2021 0:57:51,f3ss1,Adobe PDF,A4,1:4.26919,
D:\Github\HSE-FF\6th semester\Cathedral Lab\STM_data\Muar\Muar.dwg,Модель,12.07.2021 14:20:59,f3ss1,Adobe PDF,92 x 92,1:0.256761,
D:\Github\HSE-FF\6th semester\Cathedral Lab\STM_data\Muar\Muar.dwg,Модель,12.07.2021 14:22:04,f3ss1,Adobe PDF,92 x 92,1:0.383493,
D:\Github\HSE-FF\6th semester\Cathedral Lab\STM_data\Muar\Muar.dwg,Модель,12.07.2021 14:22:49,f3ss1,Adobe PDF,92 x 92,1:0.256761,
D:\Github\HSE-FF\6th semester\Cathedral Lab\STM_data\Muar\Muar.dwg,Модель,12.07.2021 14:23:26,f3ss1,Adobe PDF,92 x 92,1:0.256761,
D:\Github\HSE-FF\6th semester\Cathedral Lab\STM_data\Muar\Muar.dwg,Модель,12.07.2021 14:23:48,f3ss1,Adobe PDF,92 x 92,1:0.256761,
D:\Github\HSE-FF\6th semester\Cathedral Lab\STM_data\Muar\Muar.dwg,Модель,12.07.2021 14:24:03,f3ss1,Adobe PDF,92 x 92,1:0.256761,
D:\Github\HSE-FF\6th semester\Cathedral Lab\STM_data\Muar\Muar.dwg,Модель,13.07.2021 11:14:25,f3ss1,Adobe PDF,92 x 92,1:0.383493,
D:\Github\HSE-FF\6th semester\Cathedral Lab\STM_data\Muar\Muar.dwg,Модель,13.07.2021 11:14:45,f3ss1,Adobe PDF,A4,1:4.26919,
C:\Users\f3ss1\iCloudDrive\GitHub\HSE-FF\6th semester\Cathedral Lab\STM_data\Muar\Muar.dwg,Модель,08.11.2021 17:26:34,f3ss1,Adobe PDF,92 x 92,1:0.0822763,
C:\Users\f3ss1\iCloudDrive\GitHub\HSE-FF\6th semester\Cathedral Lab\STM_data\Muar\Muar.dwg,Модель,08.11.2021 17:26:48,f3ss1,Adobe PDF,92 x 92,1:0.0822763,
C:\Users\f3ss1\iCloudDrive\GitHub\HSE-FF\6th semester\Cathedral Lab\STM_data\Muar\Muar.dwg,Модель,08.11.2021 17:27:10,f3ss1,Adobe PDF,A4,1:0.915933,
C:\Users\f3ss1\iCloudDrive\GitHub\HSE-FF\6th semester\Cathedral Lab\STM_data\Muar\Muar.dwg,Модель,08.11.2021 17:28:47,f3ss1,Adobe PDF,A4,1:0.915933,
C:\Users\f3ss1\iCloudDrive\GitHub\HSE-FF\6th semester\Cathedral Lab\STM_data\Muar\Muar.dwg,Модель,08.11.2021 18:06:34,f3ss1,Adobe PDF,A4,1:0.915901,
C:\Users\f3ss1\iCloudDrive\GitHub\HSE-FF\6th semester\Cathedral Lab\STM_data\Muar\Muar.dwg,Модель,18.11.2021 1:07:26,f3ss1,Adobe PDF,A4,1:0.915901,
C:\Users\fess0\iCloudDrive\GitHub\HSE-FF\6th semester\Cathedral Lab\STM_data\Muar\Model\Muar.dwg,Модель,05.04.2022 16:21:37,fess0,Adobe PDF Converter,A4,1:0.774551,
C:\Users\fess0\iCloudDrive\GitHub\HSE-FF\6th semester\Cathedral Lab\STM_data\Muar\Model\Muar.dwg,Модель,05.04.2022 16:24:00,fess0,Adobe PDF Converter,A4,1:4.07261,
C:\Users\fess0\iCloudDrive\GitHub\HSE-FF\6th semester\Cathedral Lab\STM_data\Muar\Model\Muar.dwg,Модель,05.04.2022 16:24:20,fess0,Adobe PDF Converter,A4,1:4.07261,
